<?xml version="1.0" encoding="UTF-8"?>
<testsuite xmlns:xsi="http://www.w3.org/2001/XMLSchema-instance" xsi:noNamespaceSchemaLocation="https://maven.apache.org/surefire/maven-surefire-plugin/xsd/surefire-test-report.xsd" name="com.mizuki.boot.Boot01HelloWorld02ApplicationTests" time="1.66" tests="1" errors="0" skipped="0" failures="0">
  <properties>
    <property name="java.specification.version" value="17"/>
    <property name="sun.cpu.isalist" value="amd64"/>
    <property name="sun.jnu.encoding" value="GBK"/>
    <property name="java.class.path" value="E:\2.Study\SpringBoot2\SpringBootPratise\code\boot-01-helloWorld-02\target\test-classes;E:\2.Study\SpringBoot2\SpringBootPratise\code\boot-01-helloWorld-02\target\classes;E:\1.Tool\Maven-repository\org\springframework\boot\spring-boot-starter-web\2.7.9\spring-boot-starter-web-2.7.9.jar;E:\1.Tool\Maven-repository\org\springframework\boot\spring-boot-starter\2.7.9\spring-boot-starter-2.7.9.jar;E:\1.Tool\Maven-repository\org\springframework\boot\spring-boot\2.7.9\spring-boot-2.7.9.jar;E:\1.Tool\Maven-repository\org\springframework\boot\spring-boot-autoconfigure\2.7.9\spring-boot-autoconfigure-2.7.9.jar;E:\1.Tool\Maven-repository\org\springframework\boot\spring-boot-starter-logging\2.7.9\spring-boot-starter-logging-2.7.9.jar;E:\1.Tool\Maven-repository\ch\qos\logback\logback-classic\1.2.11\logback-classic-1.2.11.jar;E:\1.Tool\Maven-repository\ch\qos\logback\logback-core\1.2.11\logback-core-1.2.11.jar;E:\1.Tool\Maven-repository\org\apache\logging\log4j\log4j-to-slf4j\2.17.2\log4j-to-slf4j-2.17.2.jar;E:\1.Tool\Maven-repository\org\apache\logging\log4j\log4j-api\2.17.2\log4j-api-2.17.2.jar;E:\1.Tool\Maven-repository\org\slf4j\jul-to-slf4j\1.7.36\jul-to-slf4j-1.7.36.jar;E:\1.Tool\Maven-repository\jakarta\annotation\jakarta.annotation-api\1.3.5\jakarta.annotation-api-1.3.5.jar;E:\1.Tool\Maven-repository\org\yaml\snakeyaml\1.30\snakeyaml-1.30.jar;E:\1.Tool\Maven-repository\org\springframework\boot\spring-boot-starter-json\2.7.9\spring-boot-starter-json-2.7.9.jar;E:\1.Tool\Maven-repository\com\fasterxml\jackson\core\jackson-databind\2.13.5\jackson-databind-2.13.5.jar;E:\1.Tool\Maven-repository\com\fasterxml\jackson\core\jackson-annotations\2.13.5\jackson-annotations-2.13.5.jar;E:\1.Tool\Maven-repository\com\fasterxml\jackson\core\jackson-core\2.13.5\jackson-core-2.13.5.jar;E:\1.Tool\Maven-repository\com\fasterxml\jackson\datatype\jackson-datatype-jdk8\2.13.5\jackson-datatype-jdk8-2.13.5.jar;E:\1.Tool\Maven-repository\com\fasterxml\jackson\datatype\jackson-datatype-jsr310\2.13.5\jackson-datatype-jsr310-2.13.5.jar;E:\1.Tool\Maven-repository\com\fasterxml\jackson\module\jackson-module-parameter-names\2.13.5\jackson-module-parameter-names-2.13.5.jar;E:\1.Tool\Maven-repository\org\springframework\boot\spring-boot-starter-tomcat\2.7.9\spring-boot-starter-tomcat-2.7.9.jar;E:\1.Tool\Maven-repository\org\apache\tomcat\embed\tomcat-embed-core\9.0.71\tomcat-embed-core-9.0.71.jar;E:\1.Tool\Maven-repository\org\apache\tomcat\embed\tomcat-embed-el\9.0.71\tomcat-embed-el-9.0.71.jar;E:\1.Tool\Maven-repository\org\apache\tomcat\embed\tomcat-embed-websocket\9.0.71\tomcat-embed-websocket-9.0.71.jar;E:\1.Tool\Maven-repository\org\springframework\spring-web\5.3.25\spring-web-5.3.25.jar;E:\1.Tool\Maven-repository\org\springframework\spring-beans\5.3.25\spring-beans-5.3.25.jar;E:\1.Tool\Maven-repository\org\springframework\spring-webmvc\5.3.25\spring-webmvc-5.3.25.jar;E:\1.Tool\Maven-repository\org\springframework\spring-aop\5.3.25\spring-aop-5.3.25.jar;E:\1.Tool\Maven-repository\org\springframework\spring-context\5.3.25\spring-context-5.3.25.jar;E:\1.Tool\Maven-repository\org\springframework\spring-expression\5.3.25\spring-expression-5.3.25.jar;E:\1.Tool\Maven-repository\org\springframework\boot\spring-boot-starter-test\2.7.9\spring-boot-starter-test-2.7.9.jar;E:\1.Tool\Maven-repository\org\springframework\boot\spring-boot-test\2.7.9\spring-boot-test-2.7.9.jar;E:\1.Tool\Maven-repository\org\springframework\boot\spring-boot-test-autoconfigure\2.7.9\spring-boot-test-autoconfigure-2.7.9.jar;E:\1.Tool\Maven-repository\com\jayway\jsonpath\json-path\2.7.0\json-path-2.7.0.jar;E:\1.Tool\Maven-repository\net\minidev\json-smart\2.4.8\json-smart-2.4.8.jar;E:\1.Tool\Maven-repository\net\minidev\accessors-smart\2.4.8\accessors-smart-2.4.8.jar;E:\1.Tool\Maven-repository\org\ow2\asm\asm\9.1\asm-9.1.jar;E:\1.Tool\Maven-repository\org\slf4j\slf4j-api\1.7.36\slf4j-api-1.7.36.jar;E:\1.Tool\Maven-repository\jakarta\xml\bind\jakarta.xml.bind-api\2.3.3\jakarta.xml.bind-api-2.3.3.jar;E:\1.Tool\Maven-repository\jakarta\activation\jakarta.activation-api\1.2.2\jakarta.activation-api-1.2.2.jar;E:\1.Tool\Maven-repository\org\assertj\assertj-core\3.22.0\assertj-core-3.22.0.jar;E:\1.Tool\Maven-repository\org\hamcrest\hamcrest\2.2\hamcrest-2.2.jar;E:\1.Tool\Maven-repository\org\junit\jupiter\junit-jupiter\5.8.2\junit-jupiter-5.8.2.jar;E:\1.Tool\Maven-repository\org\junit\jupiter\junit-jupiter-api\5.8.2\junit-jupiter-api-5.8.2.jar;E:\1.Tool\Maven-repository\org\opentest4j\opentest4j\1.2.0\opentest4j-1.2.0.jar;E:\1.Tool\Maven-repository\org\junit\platform\junit-platform-commons\1.8.2\junit-platform-commons-1.8.2.jar;E:\1.Tool\Maven-repository\org\apiguardian\apiguardian-api\1.1.2\apiguardian-api-1.1.2.jar;E:\1.Tool\Maven-repository\org\junit\jupiter\junit-jupiter-params\5.8.2\junit-jupiter-params-5.8.2.jar;E:\1.Tool\Maven-repository\org\junit\jupiter\junit-jupiter-engine\5.8.2\junit-jupiter-engine-5.8.2.jar;E:\1.Tool\Maven-repository\org\junit\platform\junit-platform-engine\1.8.2\junit-platform-engine-1.8.2.jar;E:\1.Tool\Maven-repository\org\mockito\mockito-core\4.5.1\mockito-core-4.5.1.jar;E:\1.Tool\Maven-repository\net\bytebuddy\byte-buddy\1.12.23\byte-buddy-1.12.23.jar;E:\1.Tool\Maven-repository\net\bytebuddy\byte-buddy-agent\1.12.23\byte-buddy-agent-1.12.23.jar;E:\1.Tool\Maven-repository\org\objenesis\objenesis\3.2\objenesis-3.2.jar;E:\1.Tool\Maven-repository\org\mockito\mockito-junit-jupiter\4.5.1\mockito-junit-jupiter-4.5.1.jar;E:\1.Tool\Maven-repository\org\skyscreamer\jsonassert\1.5.1\jsonassert-1.5.1.jar;E:\1.Tool\Maven-repository\com\vaadin\external\google\android-json\0.0.20131108.vaadin1\android-json-0.0.20131108.vaadin1.jar;E:\1.Tool\Maven-repository\org\springframework\spring-core\5.3.25\spring-core-5.3.25.jar;E:\1.Tool\Maven-repository\org\springframework\spring-jcl\5.3.25\spring-jcl-5.3.25.jar;E:\1.Tool\Maven-repository\org\springframework\spring-test\5.3.25\spring-test-5.3.25.jar;E:\1.Tool\Maven-repository\org\xmlunit\xmlunit-core\2.9.1\xmlunit-core-2.9.1.jar;E:\1.Tool\Maven-repository\org\projectlombok\lombok\1.18.26\lombok-1.18.26.jar;E:\1.Tool\Maven-repository\org\springframework\boot\spring-boot-configuration-processor\2.7.9\spring-boot-configuration-processor-2.7.9.jar;"/>
    <property name="java.vm.vendor" value="Oracle Corporation"/>
    <property name="sun.arch.data.model" value="64"/>
    <property name="user.variant" value=""/>
    <property name="java.vendor.url" value="https://java.oracle.com/"/>
    <property name="user.timezone" value="Asia/Shanghai"/>
    <property name="os.name" value="Windows 10"/>
    <property name="java.vm.specification.version" value="17"/>
    <property name="sun.java.launcher" value="SUN_STANDARD"/>
    <property name="user.country" value="CN"/>
    <property name="sun.boot.library.path" value="E:\2.Study\JDK\bin"/>
    <property name="sun.java.command" value="E:\Temp\surefire9108785268469334470\surefirebooter5669811721496952502.jar E:\Temp\surefire9108785268469334470 2023-03-18T09-28-14_098-jvmRun1 surefire12728671860566806717tmp surefire_015662666510836648699tmp"/>
    <property name="jdk.debug" value="release"/>
    <property name="surefire.test.class.path" value="E:\2.Study\SpringBoot2\SpringBootPratise\code\boot-01-helloWorld-02\target\test-classes;E:\2.Study\SpringBoot2\SpringBootPratise\code\boot-01-helloWorld-02\target\classes;E:\1.Tool\Maven-repository\org\springframework\boot\spring-boot-starter-web\2.7.9\spring-boot-starter-web-2.7.9.jar;E:\1.Tool\Maven-repository\org\springframework\boot\spring-boot-starter\2.7.9\spring-boot-starter-2.7.9.jar;E:\1.Tool\Maven-repository\org\springframework\boot\spring-boot\2.7.9\spring-boot-2.7.9.jar;E:\1.Tool\Maven-repository\org\springframework\boot\spring-boot-autoconfigure\2.7.9\spring-boot-autoconfigure-2.7.9.jar;E:\1.Tool\Maven-repository\org\springframework\boot\spring-boot-starter-logging\2.7.9\spring-boot-starter-logging-2.7.9.jar;E:\1.Tool\Maven-repository\ch\qos\logback\logback-classic\1.2.11\logback-classic-1.2.11.jar;E:\1.Tool\Maven-repository\ch\qos\logback\logback-core\1.2.11\logback-core-1.2.11.jar;E:\1.Tool\Maven-repository\org\apache\logging\log4j\log4j-to-slf4j\2.17.2\log4j-to-slf4j-2.17.2.jar;E:\1.Tool\Maven-repository\org\apache\logging\log4j\log4j-api\2.17.2\log4j-api-2.17.2.jar;E:\1.Tool\Maven-repository\org\slf4j\jul-to-slf4j\1.7.36\jul-to-slf4j-1.7.36.jar;E:\1.Tool\Maven-repository\jakarta\annotation\jakarta.annotation-api\1.3.5\jakarta.annotation-api-1.3.5.jar;E:\1.Tool\Maven-repository\org\yaml\snakeyaml\1.30\snakeyaml-1.30.jar;E:\1.Tool\Maven-repository\org\springframework\boot\spring-boot-starter-json\2.7.9\spring-boot-starter-json-2.7.9.jar;E:\1.Tool\Maven-repository\com\fasterxml\jackson\core\jackson-databind\2.13.5\jackson-databind-2.13.5.jar;E:\1.Tool\Maven-repository\com\fasterxml\jackson\core\jackson-annotations\2.13.5\jackson-annotations-2.13.5.jar;E:\1.Tool\Maven-repository\com\fasterxml\jackson\core\jackson-core\2.13.5\jackson-core-2.13.5.jar;E:\1.Tool\Maven-repository\com\fasterxml\jackson\datatype\jackson-datatype-jdk8\2.13.5\jackson-datatype-jdk8-2.13.5.jar;E:\1.Tool\Maven-repository\com\fasterxml\jackson\datatype\jackson-datatype-jsr310\2.13.5\jackson-datatype-jsr310-2.13.5.jar;E:\1.Tool\Maven-repository\com\fasterxml\jackson\module\jackson-module-parameter-names\2.13.5\jackson-module-parameter-names-2.13.5.jar;E:\1.Tool\Maven-repository\org\springframework\boot\spring-boot-starter-tomcat\2.7.9\spring-boot-starter-tomcat-2.7.9.jar;E:\1.Tool\Maven-repository\org\apache\tomcat\embed\tomcat-embed-core\9.0.71\tomcat-embed-core-9.0.71.jar;E:\1.Tool\Maven-repository\org\apache\tomcat\embed\tomcat-embed-el\9.0.71\tomcat-embed-el-9.0.71.jar;E:\1.Tool\Maven-repository\org\apache\tomcat\embed\tomcat-embed-websocket\9.0.71\tomcat-embed-websocket-9.0.71.jar;E:\1.Tool\Maven-repository\org\springframework\spring-web\5.3.25\spring-web-5.3.25.jar;E:\1.Tool\Maven-repository\org\springframework\spring-beans\5.3.25\spring-beans-5.3.25.jar;E:\1.Tool\Maven-repository\org\springframework\spring-webmvc\5.3.25\spring-webmvc-5.3.25.jar;E:\1.Tool\Maven-repository\org\springframework\spring-aop\5.3.25\spring-aop-5.3.25.jar;E:\1.Tool\Maven-repository\org\springframework\spring-context\5.3.25\spring-context-5.3.25.jar;E:\1.Tool\Maven-repository\org\springframework\spring-expression\5.3.25\spring-expression-5.3.25.jar;E:\1.Tool\Maven-repository\org\springframework\boot\spring-boot-starter-test\2.7.9\spring-boot-starter-test-2.7.9.jar;E:\1.Tool\Maven-repository\org\springframework\boot\spring-boot-test\2.7.9\spring-boot-test-2.7.9.jar;E:\1.Tool\Maven-repository\org\springframework\boot\spring-boot-test-autoconfigure\2.7.9\spring-boot-test-autoconfigure-2.7.9.jar;E:\1.Tool\Maven-repository\com\jayway\jsonpath\json-path\2.7.0\json-path-2.7.0.jar;E:\1.Tool\Maven-repository\net\minidev\json-smart\2.4.8\json-smart-2.4.8.jar;E:\1.Tool\Maven-repository\net\minidev\accessors-smart\2.4.8\accessors-smart-2.4.8.jar;E:\1.Tool\Maven-repository\org\ow2\asm\asm\9.1\asm-9.1.jar;E:\1.Tool\Maven-repository\org\slf4j\slf4j-api\1.7.36\slf4j-api-1.7.36.jar;E:\1.Tool\Maven-repository\jakarta\xml\bind\jakarta.xml.bind-api\2.3.3\jakarta.xml.bind-api-2.3.3.jar;E:\1.Tool\Maven-repository\jakarta\activation\jakarta.activation-api\1.2.2\jakarta.activation-api-1.2.2.jar;E:\1.Tool\Maven-repository\org\assertj\assertj-core\3.22.0\assertj-core-3.22.0.jar;E:\1.Tool\Maven-repository\org\hamcrest\hamcrest\2.2\hamcrest-2.2.jar;E:\1.Tool\Maven-repository\org\junit\jupiter\junit-jupiter\5.8.2\junit-jupiter-5.8.2.jar;E:\1.Tool\Maven-repository\org\junit\jupiter\junit-jupiter-api\5.8.2\junit-jupiter-api-5.8.2.jar;E:\1.Tool\Maven-repository\org\opentest4j\opentest4j\1.2.0\opentest4j-1.2.0.jar;E:\1.Tool\Maven-repository\org\junit\platform\junit-platform-commons\1.8.2\junit-platform-commons-1.8.2.jar;E:\1.Tool\Maven-repository\org\apiguardian\apiguardian-api\1.1.2\apiguardian-api-1.1.2.jar;E:\1.Tool\Maven-repository\org\junit\jupiter\junit-jupiter-params\5.8.2\junit-jupiter-params-5.8.2.jar;E:\1.Tool\Maven-repository\org\junit\jupiter\junit-jupiter-engine\5.8.2\junit-jupiter-engine-5.8.2.jar;E:\1.Tool\Maven-repository\org\junit\platform\junit-platform-engine\1.8.2\junit-platform-engine-1.8.2.jar;E:\1.Tool\Maven-repository\org\mockito\mockito-core\4.5.1\mockito-core-4.5.1.jar;E:\1.Tool\Maven-repository\net\bytebuddy\byte-buddy\1.12.23\byte-buddy-1.12.23.jar;E:\1.Tool\Maven-repository\net\bytebuddy\byte-buddy-agent\1.12.23\byte-buddy-agent-1.12.23.jar;E:\1.Tool\Maven-repository\org\objenesis\objenesis\3.2\objenesis-3.2.jar;E:\1.Tool\Maven-repository\org\mockito\mockito-junit-jupiter\4.5.1\mockito-junit-jupiter-4.5.1.jar;E:\1.Tool\Maven-repository\org\skyscreamer\jsonassert\1.5.1\jsonassert-1.5.1.jar;E:\1.Tool\Maven-repository\com\vaadin\external\google\android-json\0.0.20131108.vaadin1\android-json-0.0.20131108.vaadin1.jar;E:\1.Tool\Maven-repository\org\springframework\spring-core\5.3.25\spring-core-5.3.25.jar;E:\1.Tool\Maven-repository\org\springframework\spring-jcl\5.3.25\spring-jcl-5.3.25.jar;E:\1.Tool\Maven-repository\org\springframework\spring-test\5.3.25\spring-test-5.3.25.jar;E:\1.Tool\Maven-repository\org\xmlunit\xmlunit-core\2.9.1\xmlunit-core-2.9.1.jar;E:\1.Tool\Maven-repository\org\projectlombok\lombok\1.18.26\lombok-1.18.26.jar;E:\1.Tool\Maven-repository\org\springframework\boot\spring-boot-configuration-processor\2.7.9\spring-boot-configuration-processor-2.7.9.jar;"/>
    <property name="sun.cpu.endian" value="little"/>
    <property name="user.home" value="C:\Users\麦兆楷"/>
    <property name="user.language" value="zh"/>
    <property name="java.specification.vendor" value="Oracle Corporation"/>
    <property name="java.version.date" value="2022-04-22"/>
    <property name="java.home" value="E:\2.Study\JDK"/>
    <property name="file.separator" value="\"/>
    <property name="basedir" value="E:\2.Study\SpringBoot2\SpringBootPratise\code\boot-01-helloWorld-02"/>
    <property name="java.vm.compressedOopsMode" value="Zero based"/>
    <property name="line.separator" value="&#10;"/>
    <property name="java.vm.specification.vendor" value="Oracle Corporation"/>
    <property name="java.specification.name" value="Java Platform API Specification"/>
    <property name="surefire.real.class.path" value="E:\Temp\surefire9108785268469334470\surefirebooter5669811721496952502.jar"/>
    <property name="user.script" value=""/>
    <property name="sun.management.compiler" value="HotSpot 64-Bit Tiered Compilers"/>
    <property name="java.runtime.version" value="17.0.3.1+2-LTS-6"/>
    <property name="user.name" value="麦兆楷"/>
    <property name="path.separator" value=";"/>
    <property name="os.version" value="10.0"/>
    <property name="java.runtime.name" value="Java(TM) SE Runtime Environment"/>
    <property name="file.encoding" value="GBK"/>
    <property name="java.vm.name" value="Java HotSpot(TM) 64-Bit Server VM"/>
    <property name="localRepository" value="E:\1.Tool\Maven-repository"/>
    <property name="java.vendor.url.bug" value="https://bugreport.java.com/bugreport/"/>
    <property name="java.io.tmpdir" value="E:\Temp\"/>
    <property name="idea.version" value="2022.1.3"/>
    <property name="java.version" value="17.0.3.1"/>
    <property name="user.dir" value="E:\2.Study\SpringBoot2\SpringBootPratise\code\boot-01-helloWorld-02"/>
    <property name="os.arch" value="amd64"/>
    <property name="java.vm.specification.name" value="Java Virtual Machine Specification"/>
    <property name="sun.os.patch.level" value=""/>
    <property name="native.encoding" value="GBK"/>
    <property name="java.library.path" value="E:\2.Study\JDK\bin;C:\WINDOWS\Sun\Java\bin;C:\WINDOWS\system32;C:\WINDOWS;C:\Program Files (x86)\Common Files\Oracle\Java\javapath;C:\Program Files (x86)\Common Files\Intel\Shared Libraries\redist\intel64\compiler;E:\1.Tool\6.Vmware\bin\;C:\WINDOWS\system32;C:\WINDOWS;C:\WINDOWS\System32\Wbem;C:\WINDOWS\System32\WindowsPowerShell\v1.0\;C:\WINDOWS\System32\OpenSSH\;E:\1.Tool\11.Matlab\bin;C:\Program Files\dotnet\;C:\Program Files (x86)\NVIDIA Corporation\PhysX\Common;C:\Program Files\NVIDIA Corporation\NVIDIA NvDLISR;C:\Program Files\Git\cmd;E:\1.Tool\17.QT\pro\5.9.9\mingw53_32\bin;E:\1.Tool\20.node_js\;C:\Program Files\MySQL\MySQL Server 8.0\bin;E:\2.Study\Python;E:\1.Tool\Tomcat\apache-tomcat-8.5.83\bin;E:\1.Tool\Maven\apache-maven-3.8.6\bin;E:\1.Tool\JDK8;\bin;E:\1.Tool\JDK8;\jre\bin;%Android%;E:\1.Tool\abd\platform-tools;C:\Users\麦兆楷\AppData\Local\Programs\Python\Python39\Scripts\;C:\Users\麦兆楷\AppData\Local\Programs\Python\Python39\;C:\Users\麦兆楷\AppData\Local\Microsoft\WindowsApps;C:\Users\麦兆楷\AppData\Local\GitHubDesktop\bin;E:\1.Tool\16.VS Code\Microsoft VS Code\bin;C:\MinGW\bin;E:\mingw64\bin;C:\Users\麦兆楷\AppData\Roaming\npm;E:\2.Study\JDK\bin;;."/>
    <property name="java.vm.info" value="mixed mode, sharing"/>
    <property name="java.vendor" value="Oracle Corporation"/>
    <property name="java.vm.version" value="17.0.3.1+2-LTS-6"/>
    <property name="sun.io.unicode.encoding" value="UnicodeLittle"/>
    <property name="java.class.version" value="61.0"/>
  </properties>
  <testcase name="contextLoads" classname="com.mizuki.boot.Boot01HelloWorld02ApplicationTests" time="0.311"/>
</testsuite>